[    0.000000] Linux version 4.15.0-124-generic (buildd@lgw01-amd64-029) (gcc version 7.5.0 (Ubuntu 7.5.0-3ubuntu1~18.04)) #127-Ubuntu SMP Fri Nov 6 10:54:43 UTC 2020 (Ubuntu 4.15.0-124.127-generic 4.15.18)
[    0.000000] Command line: BOOT_IMAGE=/boot/vmlinuz-4.15.0-124-generic root=LABEL=cloudimg-rootfs ro console=tty1 console=ttyS0
[    0.000000] KERNEL supported cpus:
[    0.000000]   Intel GenuineIntel
[    0.000000]   AMD AuthenticAMD
[    0.000000]   Centaur CentaurHauls
[    0.000000] x86/fpu: x87 FPU will use FXSAVE
[    0.000000] e820: BIOS-provided physical RAM map:
[    0.000000] BIOS-e820: [mem 0x0000000000000000-0x000000000009fbff] usable
[    0.000000] BIOS-e820: [mem 0x000000000009fc00-0x000000000009ffff] reserved
[    0.000000] BIOS-e820: [mem 0x00000000000f0000-0x00000000000fffff] reserved
[    0.000000] BIOS-e820: [mem 0x0000000000100000-0x000000003ffeffff] usable
[    0.000000] BIOS-e820: [mem 0x000000003fff0000-0x000000003fffffff] ACPI data
[    0.000000] BIOS-e820: [mem 0x00000000fec00000-0x00000000fec00fff] reserved
[    0.000000] BIOS-e820: [mem 0x00000000fee00000-0x00000000fee00fff] reserved
[    0.000000] BIOS-e820: [mem 0x00000000fffc0000-0x00000000ffffffff] reserved
[    0.000000] NX (Execute Disable) protection: active
[    0.000000] SMBIOS 2.5 present.
[    0.000000] DMI: innotek GmbH VirtualBox/VirtualBox, BIOS VirtualBox 12/01/2006
[    0.000000] Hypervisor detected: KVM
[    0.000000] e820: last_pfn = 0x3fff0 max_arch_pfn = 0x400000000
[    0.000000] MTRR: Disabled
[    0.000000] x86/PAT: MTRRs disabled, skipping PAT initialization too.
[    0.000000] CPU MTRRs all blank - virtualized system.
[    0.000000] x86/PAT: Configuration [0-7]: WB  WT  UC- UC  WB  WT  UC- UC  
[    0.000000] found SMP MP-table at [mem 0x0009fff0-0x0009ffff]
[    0.000000] Scanning 1 areas for low memory corruption
[    0.000000] RAMDISK: [mem 0x35a67000-0x36d2afff]
[    0.000000] ACPI: Early table checksum verification disabled
[    0.000000] ACPI: RSDP 0x00000000000E0000 000024 (v02 VBOX  )
[    0.000000] ACPI: XSDT 0x000000003FFF0030 00003C (v01 VBOX   VBOXXSDT 00000001 ASL  00000061)
[    0.000000] ACPI: FACP 0x000000003FFF00F0 0000F4 (v04 VBOX   VBOXFACP 00000001 ASL  00000061)
[    0.000000] ACPI: DSDT 0x000000003FFF0470 002325 (v02 VBOX   VBOXBIOS 00000002 INTL 20100528)
[    0.000000] ACPI: FACS 0x000000003FFF0200 000040
[    0.000000] ACPI: FACS 0x000000003FFF0200 000040
[    0.000000] ACPI: APIC 0x000000003FFF0240 000054 (v02 VBOX   VBOXAPIC 00000001 ASL  00000061)
[    0.000000] ACPI: SSDT 0x000000003FFF02A0 0001CC (v01 VBOX   VBOXCPUT 00000002 INTL 20100528)
[    0.000000] No NUMA configuration found
[    0.000000] Faking a node at [mem 0x0000000000000000-0x000000003ffeffff]
[    0.000000] NODE_DATA(0) allocated [mem 0x3ffc5000-0x3ffeffff]
[    0.000000] kvm-clock: cpu 0, msr 0:3ff44001, primary cpu clock
[    0.000000] kvm-clock: Using msrs 4b564d01 and 4b564d00
[    0.000000] kvm-clock: using sched offset of 4671594613 cycles
[    0.000000] clocksource: kvm-clock: mask: 0xffffffffffffffff max_cycles: 0x1cd42e4dffb, max_idle_ns: 881590591483 ns
[    0.000000] Zone ranges:
[    0.000000]   DMA      [mem 0x0000000000001000-0x0000000000ffffff]
[    0.000000]   DMA32    [mem 0x0000000001000000-0x000000003ffeffff]
[    0.000000]   Normal   empty
[    0.000000]   Device   empty
[    0.000000] Movable zone start for each node
[    0.000000] Early memory node ranges
[    0.000000]   node   0: [mem 0x0000000000001000-0x000000000009efff]
[    0.000000]   node   0: [mem 0x0000000000100000-0x000000003ffeffff]
[    0.000000] Reserved but unavailable: 98 pages
[    0.000000] Initmem setup node 0 [mem 0x0000000000001000-0x000000003ffeffff]
[    0.000000] ACPI: PM-Timer IO Port: 0x4008
[    0.000000] IOAPIC[0]: apic_id 1, version 32, address 0xfec00000, GSI 0-23
[    0.000000] ACPI: INT_SRC_OVR (bus 0 bus_irq 0 global_irq 2 dfl dfl)
[    0.000000] ACPI: INT_SRC_OVR (bus 0 bus_irq 9 global_irq 9 low level)
[    0.000000] Using ACPI (MADT) for SMP configuration information
[    0.000000] smpboot: Allowing 1 CPUs, 0 hotplug CPUs
[    0.000000] PM: Registered nosave memory: [mem 0x00000000-0x00000fff]
[    0.000000] PM: Registered nosave memory: [mem 0x0009f000-0x0009ffff]
[    0.000000] PM: Registered nosave memory: [mem 0x000a0000-0x000effff]
[    0.000000] PM: Registered nosave memory: [mem 0x000f0000-0x000fffff]
[    0.000000] e820: [mem 0x40000000-0xfebfffff] available for PCI devices
[    0.000000] Booting paravirtualized kernel on KVM
[    0.000000] clocksource: refined-jiffies: mask: 0xffffffff max_cycles: 0xffffffff, max_idle_ns: 7645519600211568 ns
[    0.000000] random: get_random_bytes called from start_kernel+0x99/0x500 with crng_init=0
[    0.000000] setup_percpu: NR_CPUS:8192 nr_cpumask_bits:1 nr_cpu_ids:1 nr_node_ids:1
[    0.000000] percpu: Embedded 45 pages/cpu s147456 r8192 d28672 u2097152
[    0.000000] PV qspinlock hash table entries: 256 (order: 0, 4096 bytes)
[    0.000000] Built 1 zonelists, mobility grouping on.  Total pages: 257913
[    0.000000] Policy zone: DMA32
[    0.000000] Kernel command line: BOOT_IMAGE=/boot/vmlinuz-4.15.0-124-generic root=LABEL=cloudimg-rootfs ro console=tty1 console=ttyS0
[    0.000000] Memory: 983212K/1048120K available (12300K kernel code, 2482K rwdata, 4272K rodata, 2436K init, 2724K bss, 64908K reserved, 0K cma-reserved)
[    0.000000] SLUB: HWalign=64, Order=0-3, MinObjects=0, CPUs=1, Nodes=1
[    0.000000] Kernel/User page tables isolation: enabled
[    0.000000] ftrace: allocating 39402 entries in 154 pages
[    0.004000] Hierarchical RCU implementation.
[    0.004000] 	RCU restricting CPUs from NR_CPUS=8192 to nr_cpu_ids=1.
[    0.004000] 	Tasks RCU enabled.
[    0.004000] RCU: Adjusting geometry for rcu_fanout_leaf=16, nr_cpu_ids=1
[    0.004000] NR_IRQS: 524544, nr_irqs: 256, preallocated irqs: 16
[    0.004000] Console: colour VGA+ 80x25
[    0.004000] console [tty1] enabled
[    0.004000] console [ttyS0] enabled
[    0.004000] ACPI: Core revision 20170831
[    0.004000] ACPI: 2 ACPI AML tables successfully acquired and loaded
[    0.004000] APIC: Switch to symmetric I/O mode setup
[    0.004000] ..TIMER: vector=0x30 apic1=0 pin1=2 apic2=-1 pin2=-1
[    0.004003] tsc: Detected 3192.012 MHz processor
[    0.008008] Calibrating delay loop (skipped) preset value.. 6384.02 BogoMIPS (lpj=12768048)
[    0.012002] pid_max: default: 32768 minimum: 301
[    0.016039] Security Framework initialized
[    0.018406] Yama: becoming mindful.
[    0.020016] AppArmor: AppArmor initialized
[    0.028704] Dentry cache hash table entries: 131072 (order: 8, 1048576 bytes)
[    0.033661] Inode-cache hash table entries: 65536 (order: 7, 524288 bytes)
[    0.036075] Mount-cache hash table entries: 2048 (order: 2, 16384 bytes)
[    0.040097] Mountpoint-cache hash table entries: 2048 (order: 2, 16384 bytes)
[    0.044996] Last level iTLB entries: 4KB 64, 2MB 8, 4MB 8
[    0.048002] Last level dTLB entries: 4KB 64, 2MB 0, 4MB 0, 1GB 4
[    0.051318] Spectre V1 : Mitigation: usercopy/swapgs barriers and __user pointer sanitization
[    0.052002] Spectre V2 : Mitigation: Full generic retpoline
[    0.056002] Spectre V2 : Spectre v2 / SpectreRSB mitigation: Filling RSB on context switch
[    0.060002] Speculative Store Bypass: Vulnerable
[    0.064032] MDS: Vulnerable: Clear CPU buffers attempted, no microcode
[    0.076017] Freeing SMP alternatives memory: 36K
[    0.192364] smpboot: CPU0: Intel(R) Core(TM) i7-8700 CPU @ 3.20GHz (family: 0x6, model: 0x9e, stepping: 0xa)
[    0.196352] Performance Events: unsupported p6 CPU model 158 no PMU driver, software events only.
[    0.200090] Hierarchical SRCU implementation.
[    0.204726] NMI watchdog: Perf event create on CPU 0 failed with -2
[    0.208002] NMI watchdog: Perf NMI watchdog permanently disabled
[    0.212211] smp: Bringing up secondary CPUs ...
[    0.216002] smp: Brought up 1 node, 1 CPU
[    0.220002] smpboot: Max logical packages: 1
[    0.222796] smpboot: Total of 1 processors activated (6384.02 BogoMIPS)
[    0.224248] devtmpfs: initialized
[    0.228074] x86/mm: Memory block size: 128MB
[    0.232332] evm: security.selinux
[    0.236004] evm: security.SMACK64
[    0.238436] evm: security.SMACK64EXEC
[    0.240002] evm: security.SMACK64TRANSMUTE
[    0.244068] evm: security.SMACK64MMAP
[    0.246554] evm: security.apparmor
[    0.248002] evm: security.ima
[    0.252002] evm: security.capability
[    0.254768] clocksource: jiffies: mask: 0xffffffff max_cycles: 0xffffffff, max_idle_ns: 7645041785100000 ns
[    0.256007] futex hash table entries: 256 (order: 2, 16384 bytes)
[    0.260098] pinctrl core: initialized pinctrl subsystem
[    0.264295] RTC time:  9:26:39, date: 03/11/21
[    0.268402] NET: Registered protocol family 16
[    0.272101] audit: initializing netlink subsys (disabled)
[    0.276470] cpuidle: using governor ladder
[    0.278735] cpuidle: using governor menu
[    0.280005] audit: type=2000 audit(1615454804.788:1): state=initialized audit_enabled=0 res=1
[    0.284029] ACPI: bus type PCI registered
[    0.288002] acpiphp: ACPI Hot Plug PCI Controller Driver version: 0.5
[    0.292287] PCI: Using configuration type 1 for base access
[    0.299035] HugeTLB registered 2.00 MiB page size, pre-allocated 0 pages
[    0.304454] ACPI: Added _OSI(Module Device)
[    0.306760] ACPI: Added _OSI(Processor Device)
[    0.308002] ACPI: Added _OSI(3.0 _SCP Extensions)
[    0.312002] ACPI: Added _OSI(Processor Aggregator Device)
[    0.314904] ACPI: Added _OSI(Linux-Dell-Video)
[    0.316004] ACPI: Added _OSI(Linux-Lenovo-NV-HDMI-Audio)
[    0.320003] ACPI: Added _OSI(Linux-HPI-Hybrid-Graphics)
[    0.324586] ACPI: Executed 1 blocks of module-level executable AML code
[    0.332807] ACPI: Interpreter enabled
[    0.335741] ACPI: (supports S0 S5)
[    0.336006] ACPI: Using IOAPIC for interrupt routing
[    0.340299] PCI: Using host bridge windows from ACPI; if necessary, use "pci=nocrs" and report a bug
[    0.344157] ACPI: Enabled 2 GPEs in block 00 to 07
[    0.358235] ACPI: PCI Root Bridge [PCI0] (domain 0000 [bus 00-ff])
[    0.360007] acpi PNP0A03:00: _OSC: OS supports [ASPM ClockPM Segments MSI]
[    0.364553] acpi PNP0A03:00: _OSC: not requesting OS control; OS requires [ExtendedConfig ASPM ClockPM MSI]
[    0.368009] acpi PNP0A03:00: fail to add MMCONFIG information, can't access extended PCI configuration space under this bridge.
[    0.372454] PCI host bridge to bus 0000:00
[    0.376003] pci_bus 0000:00: root bus resource [io  0x0000-0x0cf7 window]
[    0.380003] pci_bus 0000:00: root bus resource [io  0x0d00-0xffff window]
[    0.384003] pci_bus 0000:00: root bus resource [mem 0x000a0000-0x000bffff window]
[    0.388003] pci_bus 0000:00: root bus resource [mem 0x40000000-0xfdffffff window]
[    0.392003] pci_bus 0000:00: root bus resource [bus 00-ff]
[    0.399020] pci 0000:00:01.1: legacy IDE quirk: reg 0x10: [io  0x01f0-0x01f7]
[    0.400002] pci 0000:00:01.1: legacy IDE quirk: reg 0x14: [io  0x03f6]
[    0.404003] pci 0000:00:01.1: legacy IDE quirk: reg 0x18: [io  0x0170-0x0177]
[    0.408002] pci 0000:00:01.1: legacy IDE quirk: reg 0x1c: [io  0x0376]
[    0.476540] pci 0000:00:07.0: quirk: [io  0x4000-0x403f] claimed by PIIX4 ACPI
[    0.480019] pci 0000:00:07.0: quirk: [io  0x4100-0x410f] claimed by PIIX4 SMB
[    0.494185] ACPI: PCI Interrupt Link [LNKA] (IRQs 5 9 10 *11)
[    0.496374] ACPI: PCI Interrupt Link [LNKB] (IRQs 5 9 *10 11)
[    0.504111] ACPI: PCI Interrupt Link [LNKC] (IRQs 5 *9 10 11)
[    0.508134] ACPI: PCI Interrupt Link [LNKD] (IRQs 5 9 10 *11)
[    0.512567] SCSI subsystem initialized
[    0.516214] pci 0000:00:02.0: vgaarb: setting as boot VGA device
[    0.520000] pci 0000:00:02.0: vgaarb: VGA device added: decodes=io+mem,owns=io+mem,locks=none
[    0.520006] pci 0000:00:02.0: vgaarb: bridge control possible
[    0.524003] vgaarb: loaded
[    0.528051] ACPI: bus type USB registered
[    0.530296] usbcore: registered new interface driver usbfs
[    0.532009] usbcore: registered new interface driver hub
[    0.536013] usbcore: registered new device driver usb
[    0.540118] EDAC MC: Ver: 3.0.0
[    0.548039] PCI: Using ACPI for IRQ routing
[    0.552187] NetLabel: Initializing
[    0.554105] NetLabel:  domain hash size = 128
[    0.556001] NetLabel:  protocols = UNLABELED CIPSOv4 CALIPSO
[    0.560079] NetLabel:  unlabeled traffic allowed by default
[    0.564163] clocksource: Switched to clocksource kvm-clock
[    0.611706] VFS: Disk quotas dquot_6.6.0
[    0.615265] VFS: Dquot-cache hash table entries: 512 (order 0, 4096 bytes)
[    0.620208] AppArmor: AppArmor Filesystem Enabled
[    0.623221] pnp: PnP ACPI init
[    0.626786] pnp: PnP ACPI: found 3 devices
[    0.636257] clocksource: acpi_pm: mask: 0xffffff max_cycles: 0xffffff, max_idle_ns: 2085701024 ns
[    0.641681] NET: Registered protocol family 2
[    0.645203] TCP established hash table entries: 8192 (order: 4, 65536 bytes)
[    0.649808] TCP bind hash table entries: 8192 (order: 5, 131072 bytes)
[    0.654255] TCP: Hash tables configured (established 8192 bind 8192)
[    0.658189] UDP hash table entries: 512 (order: 2, 16384 bytes)
[    0.661548] UDP-Lite hash table entries: 512 (order: 2, 16384 bytes)
[    0.665110] NET: Registered protocol family 1
[    0.667531] pci 0000:00:00.0: Limiting direct PCI/PCI transfers
[    0.671305] pci 0000:00:01.0: Activating ISA DMA hang workarounds
[    0.675077] pci 0000:00:02.0: Video device with shadowed ROM at [mem 0x000c0000-0x000dffff]
[    0.680306] Unpacking initramfs...
[    1.115910] Freeing initrd memory: 19216K
[    1.119331] clocksource: tsc: mask: 0xffffffffffffffff max_cycles: 0x2e02d00002e, max_idle_ns: 440795202126 ns
[    1.125662] platform rtc_cmos: registered platform RTC device (no PNP device found)
[    1.130632] Scanning for low memory corruption every 60 seconds
[    1.135216] Initialise system trusted keyrings
[    1.138426] Key type blacklist registered
[    1.140825] workingset: timestamp_bits=36 max_order=18 bucket_order=0
[    1.146339] zbud: loaded
[    1.149157] squashfs: version 4.0 (2009/01/31) Phillip Lougher
[    1.152987] fuse init (API version 7.26)
[    1.157189] Key type asymmetric registered
[    1.159476] Asymmetric key parser 'x509' registered
[    1.163250] Block layer SCSI generic (bsg) driver version 0.4 loaded (major 246)
[    1.167888] io scheduler noop registered
[    1.170729] io scheduler deadline registered
[    1.173670] io scheduler cfq registered (default)
[    1.177111] ACPI: AC Adapter [AC] (on-line)
[    1.179963] input: Power Button as /devices/LNXSYSTM:00/LNXPWRBN:00/input/input0
[    1.185087] ACPI: Power Button [PWRF]
[    1.187246] input: Sleep Button as /devices/LNXSYSTM:00/LNXSLPBN:00/input/input1
[    1.191910] ACPI: Sleep Button [SLPF]
[    1.194905] Serial: 8250/16550 driver, 32 ports, IRQ sharing enabled
[    1.224699] 00:02: ttyS0 at I/O 0x3f8 (irq = 4, base_baud = 115200) is a 16550A
[    1.233885] Linux agpgart interface v0.103
[    1.243210] loop: module loaded
[    1.246789] scsi host0: ata_piix
[    1.249051] scsi host1: ata_piix
[    1.250889] ata1: PATA max UDMA/33 cmd 0x1f0 ctl 0x3f6 bmdma 0xd000 irq 14
[    1.254886] ata2: PATA max UDMA/33 cmd 0x170 ctl 0x376 bmdma 0xd008 irq 15
[    1.259803] libphy: Fixed MDIO Bus: probed
[    1.263503] tun: Universal TUN/TAP device driver, 1.6
[    1.266870] PPP generic driver version 2.4.2
[    1.269619] ehci_hcd: USB 2.0 'Enhanced' Host Controller (EHCI) Driver
[    1.273324] ehci-pci: EHCI PCI platform driver
[    1.275749] ehci-platform: EHCI generic platform driver
[    1.279846] ohci_hcd: USB 1.1 'Open' Host Controller (OHCI) Driver
[    1.284230] ohci-pci: OHCI PCI platform driver
[    1.286694] ohci-platform: OHCI generic platform driver
[    1.290546] uhci_hcd: USB Universal Host Controller Interface driver
[    1.294209] i8042: PNP: PS/2 Controller [PNP0303:PS2K,PNP0f03:PS2M] at 0x60,0x64 irq 1,12
[    1.300882] serio: i8042 KBD port at 0x60,0x64 irq 1
[    1.304331] serio: i8042 AUX port at 0x60,0x64 irq 12
[    1.307096] mousedev: PS/2 mouse device common for all mice
[    1.311638] input: AT Translated Set 2 keyboard as /devices/platform/i8042/serio0/input/input2
[    1.318397] rtc_cmos rtc_cmos: rtc core: registered rtc_cmos as rtc0
[    1.322576] rtc_cmos rtc_cmos: alarms up to one day, 114 bytes nvram
[    1.326977] i2c /dev entries driver
[    1.329811] device-mapper: uevent: version 1.0.3
[    1.332643] device-mapper: ioctl: 4.37.0-ioctl (2017-09-20) initialised: dm-devel@redhat.com
[    1.337456] ledtrig-cpu: registered to indicate activity on CPUs
[    1.341002] NET: Registered protocol family 10
[    1.345968] Segment Routing with IPv6
[    1.348673] NET: Registered protocol family 17
[    1.351544] Key type dns_resolver registered
[    1.354433] mce: Using 0 MCE banks
[    1.356555] RAS: Correctable Errors collector initialized.
[    1.359519] sched_clock: Marking stable (1356484220, 0)->(1834850920, -478366700)
[    1.364498] registered taskstats version 1
[    1.367139] Loading compiled-in X.509 certificates
[    1.372002] Loaded X.509 cert 'Build time autogenerated kernel key: be62403dcace2d46f96dafa9f42421c610ef3c2a'
[    1.379082] zswap: loaded using pool lzo/zbud
[    1.383988] Key type big_key registered
[    1.387202] Key type trusted registered
[    1.390605] Key type encrypted registered
[    1.392969] AppArmor: AppArmor sha1 policy hashing enabled
[    1.395932] ima: No TPM chip found, activating TPM-bypass! (rc=-19)
[    1.400255] ima: Allocated hash algorithm: sha1
[    1.402743] evm: HMAC attrs: 0x1
[    1.405080]   Magic number: 13:135:424
[    1.407356] rtc_cmos rtc_cmos: setting system clock to 2021-03-11 09:26:40 UTC (1615454800)
[    1.412676] BIOS EDD facility v0.16 2004-Jun-25, 0 devices found
[    1.416273] EDD information not available.
[    1.466198] Freeing unused kernel image memory: 2436K
[    1.476707] Write protecting the kernel read-only data: 20480k
[    1.480537] Freeing unused kernel image memory: 2008K
[    1.483766] Freeing unused kernel image memory: 1872K
[    1.492089] x86/mm: Checked W+X mappings: passed, no W+X pages found.
[    1.496923] x86/mm: Checking user space page tables
[    1.504231] x86/mm: Checked W+X mappings: passed, no W+X pages found.
Loading, please wait...
starting version 237
[    1.597198] e1000: Intel(R) PRO/1000 Network Driver - version 7.3.21-k8-NAPI
[    1.602409] e1000: Copyright (c) 1999-2006 Intel Corporation.
[    1.608661] Fusion MPT base driver 3.04.20
[    1.612099] Copyright (c) 1999-2008 LSI Corporation
[    1.639489] Fusion MPT SPI Host driver 3.04.20
[    1.665330] mptbase: ioc0: Initiating bringup
[    1.766125] ioc0: LSI53C1030 A0: Capabilities={Initiator}
[    1.846462] input: ImExPS/2 Generic Explorer Mouse as /devices/platform/i8042/serio1/input/input4
[    2.028161] scsi host2: ioc0: LSI53C1030 A0, FwRev=00000000h, Ports=1, MaxQ=256, IRQ=20
[    2.202719] scsi 2:0:0:0: Direct-Access     VBOX     HARDDISK         1.0  PQ: 0 ANSI: 5
[    2.208332] scsi target2:0:0: Beginning Domain Validation
[    2.213050] random: fast init done
[    2.218396] scsi target2:0:0: Domain Validation skipping write tests
[    2.222648] scsi target2:0:0: Ending Domain Validation
[    2.226090] scsi target2:0:0: asynchronous
[    2.230651] scsi 2:0:1:0: Direct-Access     VBOX     HARDDISK         1.0  PQ: 0 ANSI: 5
[    2.236100] scsi target2:0:1: Beginning Domain Validation
[    2.312728] scsi target2:0:1: Domain Validation skipping write tests
[    2.316650] scsi target2:0:1: Ending Domain Validation
[    2.327697] scsi target2:0:1: asynchronous
[    2.448263] sd 2:0:0:0: Attached scsi generic sg0 type 0
[    2.452852] random: systemd-udevd: uninitialized urandom read (16 bytes read)
[    2.458199] sd 2:0:0:0: [sda] 20971520 512-byte logical blocks: (10.7 GB/10.0 GiB)
[    2.463320] sd 2:0:1:0: Attached scsi generic sg1 type 0
[    2.467806] sd 2:0:0:0: [sda] Write Protect is off
[    2.471406] sd 2:0:1:0: [sdb] 20480 512-byte logical blocks: (10.5 MB/10.0 MiB)
[    2.483369] sd 2:0:1:0: [sdb] Write Protect is off
[    2.487291] sd 2:0:0:0: [sda] Incomplete mode parameter data
[    2.490723] sd 2:0:0:0: [sda] Assuming drive cache: write through
[    2.494153] random: systemd-udevd: uninitialized urandom read (16 bytes read)
[    2.499842] sd 2:0:1:0: [sdb] Incomplete mode parameter data
[    2.503928] sd 2:0:1:0: [sdb] Assuming drive cache: write through
[    2.515123] random: systemd-udevd: uninitialized urandom read (16 bytes read)
[    2.523068]  sda: sda1
[    2.534923] sd 2:0:0:0: [sda] Attached SCSI disk
[    2.538854] sd 2:0:1:0: [sdb] Attached SCSI disk
[    2.931923] e1000 0000:00:03.0 eth0: (PCI:33MHz:32-bit) 02:60:71:1d:34:36
[    2.936558] e1000 0000:00:03.0 eth0: Intel(R) PRO/1000 Network Connection
[    3.515496] e1000 0000:00:08.0 eth1: (PCI:33MHz:32-bit) 08:00:27:fa:93:f5
[    3.520439] e1000 0000:00:08.0 eth1: Intel(R) PRO/1000 Network Connection
[    3.525396] e1000 0000:00:08.0 enp0s8: renamed from eth1
[    3.539488] e1000 0000:00:03.0 enp0s3: renamed from eth0
Begin: Loading essential drivers ... [    5.440077] raid6: sse2x1   gen() 14181 MB/s
[    5.492419] raid6: sse2x1   xor() 10116 MB/s
[    5.556769] raid6: sse2x2   gen() 19897 MB/s
[    5.612094] raid6: sse2x2   xor() 11455 MB/s
[    5.664283] raid6: sse2x4   gen() 18802 MB/s
[    5.728629] raid6: sse2x4   xor() 15409 MB/s
[    5.732080] raid6: using algorithm sse2x2 gen() 19897 MB/s
[    5.736089] raid6: .... xor() 11455 MB/s, rmw enabled
[    5.738957] raid6: using ssse3x2 recovery algorithm
[    5.744028] xor: measuring software checksum speed
[    5.864344]    prefetch64-sse: 84154.000 MB/sec
[    5.976049]    generic_sse: 58458.000 MB/sec
[    5.980134] xor: using function: prefetch64-sse (84154.000 MB/sec)
[    5.985290] async_tx: api initialized (async)
done.
Begin: Running /scripts/init-premount ... done.
Begin: Mounting root file system ... Begin: Running /scripts/local-top ... done.
Begin: Running /scripts/local-premount ... [    6.039155] Btrfs loaded, crc32c=crc32c-intel
Scanning for Btrfs filesystems
done.
Warning: fsck not present, so skipping root file system
[    6.081370] EXT4-fs (sda1): mounted filesystem with ordered data mode. Opts: (null)
done.
Begin: Running /scripts/local-bottom ... done.
Begin: Running /scripts/init-bottom ... done.
[    6.289498] ip_tables: (C) 2000-2006 Netfilter Core Team
[    6.307940] systemd[1]: systemd 237 running in system mode. (+PAM +AUDIT +SELINUX +IMA +APPARMOR +SMACK +SYSVINIT +UTMP +LIBCRYPTSETUP +GCRYPT +GNUTLS +ACL +XZ +LZ4 +SECCOMP +BLKID +ELFUTILS +KMOD -IDN2 +IDN -PCRE2 default-hierarchy=hybrid)
[    6.322314] systemd[1]: Detected virtualization oracle.
[    6.325622] systemd[1]: Detected architecture x86-64.

Welcome to [1mUbuntu 18.04.5 LTS[0m!

[    6.333035] systemd[1]: Set hostname to <ubuntu>.
[    6.346374] systemd[1]: Initializing machine ID from random generator.
[    6.350963] systemd[1]: Installed transient /etc/machine-id file.
[    6.648229] systemd[1]: Created slice System Slice.
[[0;32m  OK  [0m] Created slice System Slice.
[    6.652507] systemd[1]: Listening on Journal Audit Socket.
[[0;32m  OK  [0m] Listening on Journal Audit Socket.
[    6.658104] systemd[1]: Created slice User and Session Slice.
[[0;32m  OK  [0m] Created slice User and Session Slice.
[    6.665026] systemd[1]: Created slice system-serial\x2dgetty.slice.
[[0;32m  OK  [0m] Created slice system-serial\x2dgetty.slice.
[[0;32m  OK  [0m] Started Forward Password Requests to Wall Directory Watch.
[[0;32m  OK  [0m] Reached target User and Group Name Lookups.
[[0;32m  OK  [0m] Listening on udev Kernel Socket.
[[0;32m  OK  [0m] Listening on /dev/initctl Compatibility Named Pipe.
[[0;32m  OK  [0m] Listening on udev Control Socket.
[[0;32m  OK  [0m] Set up automount Arbitrary Executab…rmats File System Automount Point.
[[0;32m  OK  [0m] Listening on Syslog Socket.
[[0;32m  OK  [0m] Listening on LVM2 poll daemon socket.
[[0;32m  OK  [0m] Reached target Swap.
[[0;32m  OK  [0m] Reached target Slices.
[[0;32m  OK  [0m] Listening on LVM2 metadata daemon socket.
[[0;32m  OK  [0m] Listening on Network Service Netlink Socket.
[[0;32m  OK  [0m] Listening on Device-mapper event daemon FIFOs.
[[0;32m  OK  [0m] Reached target System Time Synchronized.
[[0;32m  OK  [0m] Listening on Journal Socket.
         Starting Monitoring of LVM2 mirrors…ng dmeventd or progress polling...
         Mounting Kernel Debug File System...
         Starting Set the console keyboard layout...
         Starting udev Coldplug all Devices...
         Starting Remount Root and Kernel File Systems...
         Starting Create list of required st…ce nodes for the current kernel...
         Mounting POSIX Message Queue File System...
         Starting Load Kernel Modules...
         Mounting Huge Pages File System...
[[0;32m  OK  [0m] Listening on Journal Socket (/dev/log).
         Starting Journal Service...
         Starting Uncomplicated firewall...
[[0;32m  OK  [0m] Mounted Kernel Debug File System.
[    6.867490] EXT4-fs (sda1): re-mounted. Opts: (null)
[[0;32m  OK  [0m] Started Create list of required sta…vice nodes for the current kernel.
[[0;32m  OK  [0m] Mounted POSIX Message Queue File System.
[[0;32m  OK  [0m] Mounted Huge Pages File System.
[    6.887603] Loading iSCSI transport class v2.0-870.
[[0;32m  OK  [0m] Started Uncomplicated firewall.
[[0;32m  OK  [0m] Started LVM2 metadata daemon.
         Starting Create Static Device Nodes in /dev...
[[0;32m  OK  [0m] Started Remount Root and Kernel File Systems.
         Starting Load/Save Random Seed...
[[0;32m  OK  [0m] Started Journal Service.
[[0;32m  OK  [0m] Started udev Coldplug all Devices.
[[0;32m  OK  [0m] Started Create Static Device Nodes in /dev.
         Starting udev Kernel Device Manager...
         Starting Flush Journal to Persistent Storage...[    6.992316] iscsi: registered transport (tcp)

[[0;32m  OK  [0m] Started Load/Save Random Seed.
[[0;32m  OK  [0m] Started udev Kernel Device Manager.
[[0;32m  OK  [0m] Started Monitoring of LVM2 mirrors,…sing dmeventd or progress polling.
[    7.076015] systemd-journald[386]: Received request to flush runtime journal from PID 1
[    7.090432] iscsi: registered transport (iser)
[[0;32m  OK  [0m] Started Load Kernel Modules.
         Mounting FUSE Control File System...
         Mounting Kernel Configuration File System...
         Starting Apply Kernel Variables...
[[0;32m  OK  [0m] Mounted FUSE Control File System.
[[0;32m  OK  [0m] Mounted Kernel Configuration File System.
[[0;32m  OK  [0m] Started Apply Kernel Variables.
[[0;32m  OK  [0m] Started Flush Journal to Persistent Storage.
[[0;32m  OK  [0m] Found device /dev/ttyS0.
[[0;32m  OK  [0m] Listening on Load/Save RF Kill Switch Status /dev/rfkill Watch.
[[0;32m  OK  [0m] Started Set the console keyboard layout.
[[0;32m  OK  [0m] Started Dispatch Password Requests to Console Directory Watch.
[[0;32m  OK  [0m] Reached target Local Encrypted Volumes.
[[0;32m  OK  [0m] Reached target Local File Systems (Pre).
[[0;32m  OK  [0m] Reached target Local File Systems.
         Starting Create Volatile Files and Directories...
         Starting ebtables ruleset management...
         Starting AppArmor initialization...
         Starting Tell Plymouth To Write Out Runtime Data...
         Starting Set console font and keymap...
         Starting Commit a transient machine-id on disk...
[[0;32m  OK  [0m] Started Create Volatile Files and Directories.
         Starting Update UTMP about System Boot/Shutdown...
[[0;32m  OK  [0m] Started Tell Plymouth To Write Out Runtime Data.
[[0;32m  OK  [0m] Started Set console font and keymap.
[[0;32m  OK  [0m] Started Update UTMP about System Boot/Shutdown.
[[0;32m  OK  [0m] Started Commit a transient machine-id on disk.
[[0;32m  OK  [0m] Started ebtables ruleset management.
[[0;32m  OK  [0m] Started AppArmor initialization.
         Starting Load AppArmor profiles managed internally by snapd...
         Starting Initial cloud-init job (pre-networking)...
[[0;32m  OK  [0m] Started Load AppArmor profiles managed internally by snapd.
[   10.310896] cloud-init[569]: Cloud-init v. 20.3-2-g371b392c-0ubuntu1~18.04.1 running 'init-local' at Thu, 11 Mar 2021 09:26:49 +0000. Up 9.98 seconds.
[[0;32m  OK  [0m] Started Initial cloud-init job (pre-networking).
[[0;32m  OK  [0m] Reached target Network (Pre).
         Starting Network Service...
[[0;32m  OK  [0m] Started Network Service.
         Starting Wait for Network to be Configured...
         Starting Network Name Resolution...
[[0;32m  OK  [0m] Started Network Name Resolution.
[[0;32m  OK  [0m] Reached target Host and Network Name Lookups.
[[0;32m  OK  [0m] Reached target Network.
[[0;32m  OK  [0m] Started Wait for Network to be Configured.
         Starting Initial cloud-init job (metadata service crawler)...
[   12.670475] cloud-init[651]: Cloud-init v. 20.3-2-g371b392c-0ubuntu1~18.04.1 running 'init' at Thu, 11 Mar 2021 09:26:51 +0000. Up 12.57 seconds.
[   12.682160] cloud-init[651]: ci-info: ++++++++++++++++++++++++++++++++++++++Net device info+++++++++++++++++++++++++++++++++++++++
[   12.690304] cloud-init[651]: ci-info: +--------+-------+----------------------------+---------------+--------+-------------------+
[   12.699441] cloud-init[651]: ci-info: | Device |   Up  |          Address           |      Mask     | Scope  |     Hw-Address    |
[   12.710103] cloud-init[651]: ci-info: +--------+-------+----------------------------+---------------+--------+-------------------+
[   12.720951] cloud-init[651]: ci-info: | enp0s3 |  True |         10.0.2.15          | 255.255.255.0 | global | 02:60:71:1d:34:36 |
[   12.728869] cloud-init[651]: ci-info: | enp0s3 |  True | fe80::60:71ff:fe1d:3436/64 |       .       |  link  | 02:60:71:1d:34:36 |
[   12.734202] cloud-init[651]: ci-info: | enp0s8 | False |             .              |       .       |   .    | 08:00:27:fa:93:f5 |
[   12.741060] cloud-init[651]: ci-info: |   lo   |  True |         127.0.0.1          |   255.0.0.0   |  host  |         .         |
[   12.752709] cloud-init[651]: ci-info: |   lo   |  True |          ::1/128           |       .       |  host  |         .         |
[   12.760498] cloud-init[651]: ci-info: +--------+-------+----------------------------+---------------+--------+-------------------+
[   12.767312] cloud-init[651]: ci-info: ++++++++++++++++++++++++++++Route IPv4 info+++++++++++++++++++++++++++++
[   12.773123] cloud-init[651]: ci-info: +-------+-------------+----------+-----------------+-----------+-------+
[   12.779094] cloud-init[651]: ci-info: | Route | Destination | Gateway  |     Genmask     | Interface | Flags |
[   12.787062] cloud-init[651]: ci-info: +-------+-------------+----------+-----------------+-----------+-------+
[   12.796981] cloud-init[651]: ci-info: |   0   |   0.0.0.0   | 10.0.2.2 |     0.0.0.0     |   enp0s3  |   UG  |
[   12.816306] cloud-init[651]: ci-info: |   1   |   10.0.2.0  | 0.0.0.0  |  255.255.255.0  |   enp0s3  |   U   |
[   12.823081] cloud-init[651]: ci-info: |   2   |   10.0.2.2  | 0.0.0.0  | 255.255.255.255 |   enp0s3  |   UH  |
[   12.827866] cloud-init[651]: ci-info: +-------+-------------+----------+-----------------+-----------+-------+
[   12.862157] cloud-init[651]: ci-info: +++++++++++++++++++Route IPv6 info+++++++++++++++++++
[   12.872959] cloud-init[651]: ci-info: +-------+-------------+---------+-----------+-------+
[   12.894850] cloud-init[651]: ci-info: | Route | Destination | Gateway | Interface | Flags |
[   12.904753] cloud-init[651]: ci-info: +-------+-------------+---------+-----------+-------+
[   12.910182] cloud-init[651]: ci-info: |   1   |  fe80::/64  |    ::   |   enp0s3  |   U   |
[   12.923390] cloud-init[651]: ci-info: |   3   |    local    |    ::   |   enp0s3  |   U   |
[   12.928517] cloud-init[651]: ci-info: |   4   |   ff00::/8  |    ::   |   enp0s3  |   U   |
[   12.933582] cloud-init[651]: ci-info: +-------+-------------+---------+-----------+-------+
[   13.413283] cloud-init[651]: Generating public/private rsa key pair.
[   13.419740] cloud-init[651]: Your identification has been saved in /etc/ssh/ssh_host_rsa_key.
[   13.430219] cloud-init[651]: Your public key has been saved in /etc/ssh/ssh_host_rsa_key.pub.
[   13.441007] cloud-init[651]: The key fingerprint is:
[   13.444908] cloud-init[651]: SHA256:/4nE3AKSqS1t4hw3K+ylEb6XzWZhCG1EjHwdzY/bs50 root@ubuntu-bionic
[   13.462612] cloud-init[651]: The key's randomart image is:
[   13.466576] cloud-init[651]: +---[RSA 2048]----+
[   13.469971] cloud-init[651]: |   . +...+       |
[   13.473359] cloud-init[651]: |    o + . o      |
[[0;32m  OK  [0m] Started Initial cloud-init job (metadata service crawler).[   13.480635] cloud-init[651]: |     +     o     |
[   13.483826] 
[[0;32m  OK  [0m] Reached target System Initialization.
[[0;32m  OK  [0m] Started Discard unused blocks once a week.
cloud-init         Starting LXD - unix socket.
[651]: |    . oo  . .    |
[   13.502078] cloud-init[651]: |    .o+.S  o     |[[0;32m  OK  [0m] Started Message of the Day.
[[0;32m  OK  [0m] Listening on Open-iSCSI iscsid Socket.
[[0;32m  OK  [0m
[   13.517591] cloud-init[651]: |   . =..o=..o    |] Started Daily apt download activities.
[[0;32m  OK  [0m] Started Daily apt upgrade and clean activities.

[   13.528930] cloud-init[651]: |   .B B= .* .+ . |
[   13.532029] [[0;32m  OK  [0m] Listening on ACPID Listen Socket.
[[0;32m  OK  [0m] Listening on UUID daemon activation socket.
cloud-init[651]: |   oo@oo=. +..E  |
         Starting Socket activation for snappy daemon.[   13.544542] cloud-init[651]: |   .*o.o  . o    |
[   13.547529] 
[[0;32m  OK  [0m] Listening on D-Bus System Message Bus Socket.
cloud-init[651]: [[0;32m  OK  [0m] Started Daily Cleanup of Temporary Directories.
[[0;32m  OK  [0m] Reached target Timers.+----[SHA256]-----+
[   13.561845] cloud-init[651]: Generating public/private dsa key pair.

[   13.566211] [[0;32m  OK  [0m] Started ACPI Events Check.
[[0;32m  OK  [0m] Reached target Paths.cloud-init[651]: Your identification has been saved in /etc/ssh/ssh_host_dsa_key.
[   13.575779] 
[[0;32m  OK  [0m] Reached target Network is Online.
cloud-init[651]: Your public key has been saved in /etc/ssh/ssh_host_dsa_key.pub.
[   13.583303] cloud-init[651]:          Starting Availability of block devices...
The key fingerprint is:
[   13.589663] cloud-init[651]: SHA256:kUUna/hNyP+o6EZ5qJnPshYQgUkpoDM2hDT4TPsCm/4 root@ubuntu-bionic[[0;32m  OK  [0m] Reached target Remote File Systems (Pre).
[[0;32m  OK  [0m] Reached target Remote File Systems.
[[0;32m  OK  [0m
[   13.607070] cloud-init] Reached target Cloud-config availability.
[[0;32m  OK  [0m] Listening on LXD - unix socket.
[[0;32m  OK  [0m[651]: The key's randomart image is:
[   13.615530] ] Listening on Socket activation for snappy daemon.
[[0;32m  OK  [0m] Started Availability of block devices.
[[0;32m  OK  [0m] Reached target Sockets.
cloud-init[651]: +---[DSA 1024]----+
[[0;32m  OK  [0m] Reached target Basic System.
         Starting Pollinate to seed the pseudo random number generator...
[   13.635534] cloud-init[651]: |*=.+..   .+ .    |
         Starting LSB: automatic crash report generation...
[[0;32m  OK  [0m] Started Deferred execution scheduler.
[   13.649715] cloud-init[651]: |* * .    = =     |
[   13.665315] cloud-init[651]: |+B . .  + = .    |
[   13.676911] cloud-init[651]: |oo= .    + +     |
[   13.688298] cloud-init[651]: | + . .  So. o    |
         Starting Dispatcher daemon for systemd-networkd...[   13.705396] cloud-init[651]: |o . . . + .  o   |
         Starting Virtualbox guest utils...
[[0;32m  OK  [0m] Started FUSE filesystem for LXC.

         Starting System Logging Service...
[   13.731761]          Starting Permit User Sessions...
         Starting LXD - container startup/shutdown...
[cloud-init[0;32m  OK  [0m] Started D-Bus System Message Bus.
[651]: |.  .   * .  . .  |
[   13.755269] cloud-init[651]: | .    *... .     |
[   13.774346] cloud-init[651]: |  .E ..*= .      |
[   13.784770] cloud-init[651]: +----[SHA256]-----+
[   13.790685] cloud-init[651]: Generating public/private ecdsa key pair.
[   13.803536] cloud-init[651]: Your identification has been saved in /etc/ssh/ssh_host_ecdsa_key.
[   13.813924] cloud-init[651]: Your public key has been saved in /etc/ssh/ssh_host_ecdsa_key.pub.
[   13.824775] cloud-init[651]: The key fingerprint is:
[   13.840530] cloud-init[651]: SHA256:TGzeCTFC7XLIHqCZuWz8y63rpQnDRgDULLLBT1L/CYI root@ubuntu-bionic
[   13.847447] cloud-init[651]: The key's randomart image is:
[   13.857539] cloud-init[651]: +---[ECDSA 256]---+
[   13.869212] cloud-init[651]: |+.+. .o.o        |
[   13.879734] cloud-init[651]: |++.+o  o.o       |
[   13.888037] cloud-init[651]: |oE=* = o=        |
[   13.898894] cloud-init[651]: |..=.. B=+o .     |
[   13.919687] cloud-init[651]: | o.. . *S o      |
[   13.933208] cloud-init[651]: | o=   .          |
[   13.953056] cloud-init[651]: | .=.  .          |
[   13.962869] cloud-init[651]: | . +.=           |
[   13.971164] cloud-init[651]: |   .O+.          |
[   13.979982] cloud-init[651]: +----[SHA256]-----+
[   13.984310] cloud-init[651]: Generating public/private ed25519 key pair.
[[0;32m  OK  [0m] Started irqbalance daemon.
         [   13.997094] cloud-initStarting LSB: Record successful boot for GRUB...
         Starting Accounts Service...
         Starting Login Service...
[651]: Your identification has been saved in /etc/ssh/ssh_host_ed25519_key.
[   14.060315] cloud-init[651]: Your public key has been saved in /etc/ssh/ssh_host_ed25519_key.pub.
[   14.076477] cloud-init[651]: The key fingerprint is:
[   14.088398] cloud-init[651]: SHA256:Qd5L1j5Q+T9GGld7q54kfWk461M/15j4HHIxT5AWTlM root@ubuntu-bionic
[   14.112304] cloud-init[651]: The key's randomart image is:
         Starting Snap Daemon...
[   14.127999] cloud-init[651]: +--[ED25519 256]--+
[   14.141116] cloud-init[651]: |        .   ..+.E|
[   14.147609] [[0;32m  OK  [0m] Started Regular background program processing daemon.
[[0;32m  OK  [0mcloud-init] Started System Logging Service.
[651]: [[0;32m  OK  [0m] Started Permit User Sessions.
[[0;32m  OK  [0m] Started LXD - container startup/shutdown.
|       o . o.o +.|[[0;32m  OK  [0m] Started Login Service.
[[0;32m  OK  [0m] Started Unattended Upgrades Shutdown.

         Starting Terminate Plymouth Boot Screen...
         Starting Hold until boot process finishes up...
[[0;32m  OK  [0m] Started Terminate Plymouth Boot Screen.
[   14.223362] [[0;32m  OK  [0m] Started Hold until boot process finishes up.
cloud-init[651]: |        o = ..= o|
[   14.241406] cloud-init[651]: |         + + o.=.|
[   14.257226] cloud-init[651]: |        S . o B.+|
[   14.263633] cloud-init[651]: |            .o.Xo|
[   14.278323] cloud-init[651]: |           ..***=|
[   14.284488] cloud-init[651]: |            +*Oo+|
[   14.300712] cloud-init[651]: |            o*+ o|
[   14.312195] cloud-init[651]: +----[SHA256]-----+
         Starting Authorization Manager...
[[0;32m  OK  [0m] Started Serial Getty on ttyS0.
         Starting Set console scheme...
[[0;32m  OK  [0m] Started LSB: automatic crash report generation.
[[0;32m  OK  [0m] Started Set console scheme.
[[0;32m  OK  [0m] Created slice system-getty.slice.
[[0;32m  OK  [0m] Started Getty on tty1.
[[0;32m  OK  [0m] Reached target Login Prompts.
[[0;32m  OK  [0m] Started Dispatcher daemon for systemd-networkd.
[[0;32m  OK  [0m] Started LSB: Record successful boot for GRUB.
[[0;32m  OK  [0m] Started Authorization Manager.
[[0;32m  OK  [0m] Started Accounts Service.
[[0;32m  OK  [0m] Started Virtualbox guest utils.
[[0;32m  OK  [0m] Started Pollinate to seed the pseudo random number generator.
         Starting OpenBSD Secure Shell server...
[[0;32m  OK  [0m] Started Snap Daemon.
         Starting Wait until snapd is fully seeded...
[[0;32m  OK  [0m] Started OpenBSD Secure Shell server.
[[0;32m  OK  [0m] Started Wait until snapd is fully seeded.
         Starting Apply the settings specified in cloud-config...
[[0;32m  OK  [0m] Reached target Multi-User System.
[[0;32m  OK  [0m] Reached target Graphical Interface.
         Starting Update UTMP about System Runlevel Changes...
[[0;32m  OK  [0m] Started Update UTMP about System Runlevel Changes.
[   17.065489] cloud-init[1068]: Cloud-init v. 20.3-2-g371b392c-0ubuntu1~18.04.1 running 'modules:config' at Thu, 11 Mar 2021 09:26:55 +0000. Up 16.62 seconds.
[[0;32m  OK  [0m] Created slice User Slice of vagrant.
         Starting User Manager for UID 1000...
[[0;32m  OK  [0m] Started Session 1 of user vagrant.
[[0;32m  OK  [0m] Started Apply the settings specified in cloud-config.
         Starting Execute cloud user/final scripts...
[[0;32m  OK  [0m] Started User Manager for UID 1000.
ci-info: no authorized SSH keys fingerprints found for user ubuntu.
<14>Mar 11 09:26:57 ec2: 
<14>Mar 11 09:26:57 ec2: #############################################################
<14>Mar 11 09:26:57 ec2: -----BEGIN SSH HOST KEY FINGERPRINTS-----
<14>Mar 11 09:26:57 ec2: 1024 SHA256:kUUna/hNyP+o6EZ5qJnPshYQgUkpoDM2hDT4TPsCm/4 root@ubuntu-bionic (DSA)
<14>Mar 11 09:26:57 ec2: 256 SHA256:TGzeCTFC7XLIHqCZuWz8y63rpQnDRgDULLLBT1L/CYI root@ubuntu-bionic (ECDSA)
<14>Mar 11 09:26:57 ec2: 256 SHA256:Qd5L1j5Q+T9GGld7q54kfWk461M/15j4HHIxT5AWTlM root@ubuntu-bionic (ED25519)
<14>Mar 11 09:26:57 ec2: 2048 SHA256:/4nE3AKSqS1t4hw3K+ylEb6XzWZhCG1EjHwdzY/bs50 root@ubuntu-bionic (RSA)
<14>Mar 11 09:26:57 ec2: -----END SSH HOST KEY FINGERPRINTS-----
<14>Mar 11 09:26:57 ec2: #############################################################
-----BEGIN SSH HOST KEY KEYS-----
ecdsa-sha2-nistp256 AAAAE2VjZHNhLXNoYTItbmlzdHAyNTYAAAAIbmlzdHAyNTYAAABBBKmi/a7PHM5O23VQj1yAre5uoGnIjTMzfKICBJlKwcjTUnjAt38G8OiGMnm7vJ0x7d3Yezy1yT7V8lBUb8lhGq4= root@ubuntu-bionic
ssh-ed25519 AAAAC3NzaC1lZDI1NTE5AAAAIBqpSdEO1QZxXee3GY6gDHbGRUrl8JQSHST/clxyuI6v root@ubuntu-bionic
ssh-rsa AAAAB3NzaC1yc2EAAAADAQABAAABAQC23THtaFyTwb9xmR5YjrHSyj1u9J7lgpmYm5/MTVZpVbADmEhyrgcyumMtDj2VWkiLIXFtiap01n0cg1Itpec9QXbF0FmCUhI8xkizM24XUIuEB0ESI/G8543WIadoOV0SnuwdaCl/o83rg2oQ/jvrv0ae2bFEDzTIOb5rlFwvzxDY3ljLtCZTTpM5xwLe/16YrHyX6vrBKkdfSF0vOwlAb0QC35U0JIwoTZpnmHuWLlS0+P0hAX9AJdSTdJtFK3Kqw4EEkgIHKzwa3pE92WrrrD0ZWk5X4MMDVkHmszClrAsnLi2jPBkfSk4kZWIGzoVT6R+MYDQFwJSfNR5ICqOj root@ubuntu-bionic
-----END SSH HOST KEY KEYS-----
[   18.068896] cloud-init[1144]: Cloud-init v. 20.3-2-g371b392c-0ubuntu1~18.04.1 running 'modules:final' at Thu, 11 Mar 2021 09:26:56 +0000. Up 17.75 seconds.
[   18.078672] cloud-init[1144]: ci-info: no authorized SSH keys fingerprints found for user ubuntu.
[   18.100560] cloud-init[1144]: Cloud-init v. 20.3-2-g371b392c-0ubuntu1~18.04.1 finished at Thu, 11 Mar 2021 09:26:57 +0000. Datasource DataSourceNoCloud [seed=/dev/sdb][dsmode=net].  Up 18.04 seconds
[[0;32m  OK  [0m] Started Execute cloud user/final scripts.
[[0;32m  OK  [0m] Reached target Cloud-init target.

Ubuntu 18.04.5 LTS ubuntu-bionic ttyS0

ubuntu-bionic login: 